Using pre-set license
Built from '2021.1/release' branch; Version is '2021.1.0f1 (61a549675243) revision 6399305'; Using compiler version '192528614'; Build Type 'Release'
OS: 'Windows 10 Pro; OS build 19043.1237; Version 2009; 64bit' Language: 'en' Physical Memory: 65449 MB
BatchMode: 1, IsHumanControllingUs: 0, StartBugReporterOnCrash: 0, Is64bit: 1, IsPro: 0

 COMMAND LINE ARGUMENTS:
C:\Program Files\Unity\Hub\Editor\2021.1.0f1\Editor\Unity.exe
-adb2
-batchMode
-noUpm
-name
AssetImportWorker0
-projectPath
D:/gameProjects/projectPiggies/mc7998a_GAME625_Game2/mc7998a_Assignment2_GAMEE625/Inventory Repository
-logFile
Logs/AssetImportWorker0.log
-srvPort
50014
Successfully changed project path to: D:/gameProjects/projectPiggies/mc7998a_GAME625_Game2/mc7998a_Assignment2_GAMEE625/Inventory Repository
D:/gameProjects/projectPiggies/mc7998a_GAME625_Game2/mc7998a_Assignment2_GAMEE625/Inventory Repository
Using Asset Import Pipeline V2.
Refreshing native plugins compatible for Editor in 100.64 ms, found 2 plugins.
Preloading 0 native plugins for Editor in 0.00 ms.
Initialize engine version: 2021.1.0f1 (61a549675243)
[Subsystems] Discovering subsystems at path C:/Program Files/Unity/Hub/Editor/2021.1.0f1/Editor/Data/Resources/UnitySubsystems
[Subsystems] Discovering subsystems at path D:/gameProjects/projectPiggies/mc7998a_GAME625_Game2/mc7998a_Assignment2_GAMEE625/Inventory Repository/Assets
GfxDevice: creating device client; threaded=0; jobified=0
Direct3D:
    Version:  Direct3D 11.0 [level 11.1]
    Renderer: NVIDIA GeForce RTX 2070 (ID=0x1f02)
    Vendor:   NVIDIA
    VRAM:     8031 MB
    Driver:   27.21.14.6231
Initialize mono
Mono path[0] = 'C:/Program Files/Unity/Hub/Editor/2021.1.0f1/Editor/Data/Managed'
Mono path[1] = 'C:/Program Files/Unity/Hub/Editor/2021.1.0f1/Editor/Data/MonoBleedingEdge/lib/mono/unityjit'
Mono config path = 'C:/Program Files/Unity/Hub/Editor/2021.1.0f1/Editor/Data/MonoBleedingEdge/etc'
Using monoOptions --debugger-agent=transport=dt_socket,embedding=1,server=y,suspend=n,address=127.0.0.1:56168
Begin MonoManager ReloadAssembly
Registering precompiled unity dll's ...
Register platform support module: C:/Program Files/Unity/Hub/Editor/2021.1.0f1/Editor/Data/PlaybackEngines/WindowsStandaloneSupport/UnityEditor.WindowsStandalone.Extensions.dll
Registered in 0.002954 seconds.
Native extension for WindowsStandalone target not found
Refreshing native plugins compatible for Editor in 99.07 ms, found 2 plugins.
Preloading 0 native plugins for Editor in 0.00 ms.
Mono: successfully reloaded assembly
- Completed reload, in  1.468 seconds
Platform modules already initialized, skipping
Registering precompiled user dll's ...
Registered in 0.003150 seconds.
Begin MonoManager ReloadAssembly
Native extension for WindowsStandalone target not found
Refreshing native plugins compatible for Editor in 176.56 ms, found 2 plugins.
Preloading 0 native plugins for Editor in 0.00 ms.
Mono: successfully reloaded assembly
- Completed reload, in  1.733 seconds
Platform modules already initialized, skipping
========================================================================
Worker process is ready to serve import requests
Launched and connected shader compiler UnityShaderCompiler.exe after 0.06 seconds
Refreshing native plugins compatible for Editor in 0.73 ms, found 2 plugins.
Preloading 0 native plugins for Editor in 0.00 ms.
Unloading 3389 Unused Serialized files (Serialized files now loaded: 0)
System memory in use before: 129.3 MB.
System memory in use after: 129.4 MB.

Unloading 29 unused Assets to reduce memory usage. Loaded Objects now: 3842.
Total: 3.095000 ms (FindLiveObjects: 0.327400 ms CreateObjectMapping: 0.268900 ms MarkObjects: 2.368000 ms  DeleteObjects: 0.129500 ms)

========================================================================
Received Import Request.
  path: Assets/Scripts/CollectableScripts/HeartCollectable.cs
  artifactKey: Guid(993b7a1f0275d0e4f847bb405e426cac) Importer(815301076,1909f56bfc062723c751e8b465ee728b)
Start importing Assets/Scripts/CollectableScripts/HeartCollectable.cs using Guid(993b7a1f0275d0e4f847bb405e426cac) Importer(815301076,1909f56bfc062723c751e8b465ee728b)  -> (artifact id: '2ca1d9af1e52bd295175856ecf986817') in 0.031549 seconds 
========================================================================
Received Import Request.
  Time since last request: 0.000444 seconds.
  path: Assets/Scripts/CollectableScripts/HealthBarScripts.cs
  artifactKey: Guid(8522a2b05a400424996fbabe8069238f) Importer(815301076,1909f56bfc062723c751e8b465ee728b)
Start importing Assets/Scripts/CollectableScripts/HealthBarScripts.cs using Guid(8522a2b05a400424996fbabe8069238f) Importer(815301076,1909f56bfc062723c751e8b465ee728b)  -> (artifact id: '75507911b8dccc6cfc9ffc63c7b62012') in 0.002803 seconds 
========================================================================
Received Import Request.
  Time since last request: 0.000414 seconds.
  path: Assets/Scripts/CollectableScripts/HealthPotion.cs
  artifactKey: Guid(cb190e8f4be1e314e974e8f8405391ad) Importer(815301076,1909f56bfc062723c751e8b465ee728b)
Start importing Assets/Scripts/CollectableScripts/HealthPotion.cs using Guid(cb190e8f4be1e314e974e8f8405391ad) Importer(815301076,1909f56bfc062723c751e8b465ee728b)  -> (artifact id: '15659e34a94906822eb1e7f75e11f505') in 0.003266 seconds 
========================================================================
Received Prepare
Refreshing native plugins compatible for Editor in 2.95 ms, found 2 plugins.
Preloading 0 native plugins for Editor in 0.00 ms.
Unloading 15 Unused Serialized files (Serialized files now loaded: 0)
System memory in use before: 61.2 MB.
System memory in use after: 61.3 MB.

Unloading 15 unused Assets to reduce memory usage. Loaded Objects now: 3842.
Total: 2.571000 ms (FindLiveObjects: 0.297600 ms CreateObjectMapping: 0.181800 ms MarkObjects: 2.002100 ms  DeleteObjects: 0.088400 ms)

========================================================================
Received Import Request.
  Time since last request: 135.238491 seconds.
  path: Assets/Scripts/CollectableScripts/HeartCollectable.cs
  artifactKey: Guid(993b7a1f0275d0e4f847bb405e426cac) Importer(815301076,1909f56bfc062723c751e8b465ee728b)
Start importing Assets/Scripts/CollectableScripts/HeartCollectable.cs using Guid(993b7a1f0275d0e4f847bb405e426cac) Importer(815301076,1909f56bfc062723c751e8b465ee728b)  -> (artifact id: '1c77b5798f066841597018f19e233485') in 0.002196 seconds 
========================================================================
Received Prepare
Registering precompiled user dll's ...
Registered in 0.003552 seconds.
Begin MonoManager ReloadAssembly
Native extension for WindowsStandalone target not found
Refreshing native plugins compatible for Editor in 0.66 ms, found 2 plugins.
Preloading 0 native plugins for Editor in 0.00 ms.
Mono: successfully reloaded assembly
- Completed reload, in  1.050 seconds
Platform modules already initialized, skipping
Refreshing native plugins compatible for Editor in 0.63 ms, found 2 plugins.
Preloading 0 native plugins for Editor in 0.00 ms.
Unloading 3384 Unused Serialized files (Serialized files now loaded: 0)
System memory in use before: 129.3 MB.
System memory in use after: 129.5 MB.

Unloading 17 unused Assets to reduce memory usage. Loaded Objects now: 3846.
Total: 2.494300 ms (FindLiveObjects: 0.285400 ms CreateObjectMapping: 0.189800 ms MarkObjects: 1.921300 ms  DeleteObjects: 0.097000 ms)

========================================================================
Received Import Request.
  Time since last request: 42.866957 seconds.
  path: Assets/Scripts/CollectableScripts/HeartCollectable.cs
  artifactKey: Guid(993b7a1f0275d0e4f847bb405e426cac) Importer(815301076,1909f56bfc062723c751e8b465ee728b)
Start importing Assets/Scripts/CollectableScripts/HeartCollectable.cs using Guid(993b7a1f0275d0e4f847bb405e426cac) Importer(815301076,1909f56bfc062723c751e8b465ee728b)  -> (artifact id: 'be2737c0951cf527058715cc15e94b0a') in 0.006017 seconds 
